<?xml version="1.0" encoding="UTF-8"?>
<!-- Generated by org.testng.reporters.JUnitReportReporter -->
<testsuite hostname="LAPTOP-PSK043T1" failures="0" tests="2" name="page.test.single.TestLogin" time="0.858" errors="0" timestamp="2024-09-03T06:59:08 CST" skipped="0">
  <testcase classname="page.test.single.TestLogin" name="userLoginValidCredentials" time="0.632"/>
  <testcase classname="page.test.single.TestLogin" name="userLoginInvalidUsername" time="0.226"/>
</testsuite> <!-- page.test.single.TestLogin -->
